<?xml version="1.0" encoding="UTF-8"?>
<!-- Generated by org.testng.reporters.JUnitXMLReporter -->
<testsuite ignored="0" hostname="IN-996XTN3" failures="0" tests="6" name="Default test" time="12.423" errors="0" timestamp="2023-09-13T17:46:03 IST">
  <testcase classname="GreenCart_Tests.CheckoutPageTest" name="VerifyProductDetailsInCheckoutPage" time="1.381"/>
  <testcase classname="GreenCart_Tests.CheckoutPageTest" name="VerifySingleLineOrder" time="1.517"/>
  <testcase classname="GreenCart_Tests.CheckoutPageTest" name="VerifySingleLineMultiQtyOrder" time="1.303"/>
  <testcase classname="GreenCart_Tests.CheckoutPageTest" name="VerifyMultiLIneOrder" time="1.402"/>
  <testcase classname="GreenCart_Tests.CheckoutPageTest" name="VerifyMultiLineMultiQtyOrder" time="2.529"/>
  <testcase classname="GreenCart_Tests.CheckoutPageTest" name="VerifyUserCanNavigateToTermsAndConditionsPage" time="2.231"/>
</testsuite> <!-- Default test -->
