<?xml version="1.0" encoding="UTF-8"?>
<!-- Generated by org.testng.reporters.JUnitXMLReporter -->
<testsuite ignored="2" hostname="IN-996XTN3" failures="0" tests="6" name="Test" time="5.578" errors="0" timestamp="2023-09-11T16:11:06 IST">
  <testcase classname="GreenCart_Tests.HomePageTest" name="VerifyProductsAreDisplayedOnTheHomePage" time="1.198"/>
  <testcase classname="GreenCart_Tests.HomePageTest" name="VerifyProductImagePriceAndAddToCartButtonAreDisplayedForEachProduct" time="2.399"/>
  <testcase classname="GreenCart_Tests.HomePageTest" name="VerifyAddToCartFuntionality" time="0.233"/>
  <testcase classname="GreenCart_Tests.HomePageTest" name="VerifyProductDetailsInMiniBasket" time="0.376"/>
  <testcase classname="GreenCart_Tests.HomePageTest" name="VerifySearchFuntioanlityOnHomePage" time="0.844"/>
  <testcase classname="GreenCart_Tests.CheckoutPageTest" name="VerifyProductDetailsInCheckoutPage" time="0.446"/>
  <testcase classname="TestBase.Base" name="@AfterSuite email" time="0.0">
    <ignored/>
  </testcase> <!-- @AfterSuite email -->
  <testcase classname="TestBase.Base" name="@BeforeSuite initialization" time="0.0">
    <ignored/>
  </testcase> <!-- @BeforeSuite initialization -->
</testsuite> <!-- Test -->
