<?xml version="1.0" encoding="UTF-8"?>
<testsuite xmlns:xsi="http://www.w3.org/2001/XMLSchema-instance" xsi:noNamespaceSchemaLocation="https://maven.apache.org/surefire/maven-surefire-plugin/xsd/surefire-test-report.xsd" name="TestSuite" time="27.616" tests="14" errors="0" skipped="1" failures="2">
  <properties>
[...]
</properties>
  <testcase name="VerifyProductsAreDisplayedOnTheHomePage" classname="GreenCart_Tests.HomePageTest" time="0.433"/>
  <testcase name="VerifyProductImagePriceAndAddToCartButtonAreDisplayedForEachProduct" classname="GreenCart_Tests.HomePageTest" time="1.299"/>
  <testcase name="VerifyAddToCartFuntionality" classname="GreenCart_Tests.HomePageTest" time="0.168"/>
  <testcase name="VerifyProductDetailsInMiniBasket" classname="GreenCart_Tests.HomePageTest" time="0.686"/>
  <testcase name="VerifySearchFuntioanlityOnHomePage" classname="GreenCart_Tests.HomePageTest" time="0.245"/>
  <testcase name="VerifyProductDetailsInCheckoutPage" classname="GreenCart_Tests.CheckoutPageTest" time="1.126"/>
  <testcase name="VerifySingleLineOrder" classname="GreenCart_Tests.CheckoutPageTest" time="1.273"/>
  <testcase name="VerifySingleLineMultiQtyOrder" classname="GreenCart_Tests.CheckoutPageTest" time="0">
    <skipped message="expected [3 Nos.] but found [2 Nos.]"/>
  </testcase>
  <testcase name="VerifySingleLineMultiQtyOrder" classname="GreenCart_Tests.CheckoutPageTest" time="1.165"/>
  <testcase name="VerifyMultiLIneOrder" classname="GreenCart_Tests.CheckoutPageTest" time="1.133"/>
  <testcase name="VerifyMultiLineMultiQtyOrder" classname="GreenCart_Tests.CheckoutPageTest" time="1.349"/>
  <testcase name="VerifyUserCanNavigateToTermsAndConditionsPage" classname="GreenCart_Tests.CheckoutPageTest" time="1.34"/>
  <testcase name="VerifyOrderCannotBePlacedWithoutSelectingTermsAndConditions" classname="GreenCart_Tests.Negative_ScenarioTests" time="1.387">
    <failure message="expected [Please accept Terms &amp; Conditions - Require] but found [Please accept Terms &amp; Conditions - Required]" type="java.lang.AssertionError"><![CDATA[java.lang.AssertionError: expected [Please accept Terms & Conditions - Require] but found [Please accept Terms & Conditions - Required]
	at GreenCart_Tests.Negative_ScenarioTests.VerifyOrderCannotBePlacedWithoutSelectingTermsAndConditions(Negative_ScenarioTests.java:36)
]]></failure>
  </testcase>
  <testcase name="verifyPromoCodeIsValidOrNot" classname="GreenCart_Tests.Negative_ScenarioTests" time="6.374">
    <failure message="expected [Invalid code .!] but found [Invalid code ..!]" type="java.lang.AssertionError">java.lang.AssertionError: expected [Invalid code .!] but found [Invalid code ..!]
	at GreenCart_Tests.Negative_ScenarioTests.verifyPromoCodeIsValidOrNot(Negative_ScenarioTests.java:65)
</failure>
    <system-out><![CDATA[[ERROR] 13-09-2023 17:50:44.713 [main] LogUtil - ******java.lang.AssertionError: expected [Please accept Terms & Conditions - Require] but found [Please accept Terms & Conditions - Required]******

]]></system-out>
  </testcase>
</testsuite>