<?xml version="1.0" encoding="UTF-8"?>
<testng-results ignored="0" total="6" passed="6" failed="0" skipped="0">
  <reporter-output>
  </reporter-output>
  <suite started-at="2023-09-13T17:45:51 IST" name="Default suite" finished-at="2023-09-13T17:46:03 IST" duration-ms="12423">
    <groups>
    </groups>
    <test started-at="2023-09-13T17:45:51 IST" name="Default test" finished-at="2023-09-13T17:46:03 IST" duration-ms="12423">
      <class name="GreenCart_Tests.CheckoutPageTest">
        <test-method is-config="true" signature="initialization()[pri:0, instance:GreenCart_Tests.CheckoutPageTest@38be305c]" started-at="2023-09-13T17:45:47 IST" name="initialization" finished-at="2023-09-13T17:45:51 IST" duration-ms="3848" status="PASS">
          <reporter-output>
          </reporter-output>
        </test-method> <!-- initialization -->
        <test-method is-config="true" signature="setUp()[pri:0, instance:GreenCart_Tests.CheckoutPageTest@38be305c]" started-at="2023-09-13T17:45:51 IST" name="setUp" finished-at="2023-09-13T17:45:53 IST" duration-ms="1650" status="PASS">
          <reporter-output>
          </reporter-output>
        </test-method> <!-- setUp -->
        <test-method signature="VerifyProductDetailsInCheckoutPage()[pri:0, instance:GreenCart_Tests.CheckoutPageTest@38be305c]" started-at="2023-09-13T17:45:53 IST" name="VerifyProductDetailsInCheckoutPage" finished-at="2023-09-13T17:45:54 IST" duration-ms="1381" status="PASS">
          <reporter-output>
          </reporter-output>
        </test-method> <!-- VerifyProductDetailsInCheckoutPage -->
        <test-method is-config="true" signature="setUp()[pri:0, instance:GreenCart_Tests.CheckoutPageTest@38be305c]" started-at="2023-09-13T17:45:54 IST" name="setUp" finished-at="2023-09-13T17:45:54 IST" duration-ms="27" status="PASS">
          <reporter-output>
          </reporter-output>
        </test-method> <!-- setUp -->
        <test-method signature="VerifySingleLineOrder()[pri:1, instance:GreenCart_Tests.CheckoutPageTest@38be305c]" started-at="2023-09-13T17:45:54 IST" name="VerifySingleLineOrder" finished-at="2023-09-13T17:45:56 IST" duration-ms="1517" status="PASS">
          <reporter-output>
          </reporter-output>
        </test-method> <!-- VerifySingleLineOrder -->
        <test-method is-config="true" signature="setUp()[pri:0, instance:GreenCart_Tests.CheckoutPageTest@38be305c]" started-at="2023-09-13T17:45:56 IST" name="setUp" finished-at="2023-09-13T17:45:56 IST" duration-ms="35" status="PASS">
          <reporter-output>
          </reporter-output>
        </test-method> <!-- setUp -->
        <test-method signature="VerifySingleLineMultiQtyOrder()[pri:2, instance:GreenCart_Tests.CheckoutPageTest@38be305c]" started-at="2023-09-13T17:45:56 IST" name="VerifySingleLineMultiQtyOrder" finished-at="2023-09-13T17:45:57 IST" duration-ms="1303" status="PASS">
          <reporter-output>
          </reporter-output>
        </test-method> <!-- VerifySingleLineMultiQtyOrder -->
        <test-method is-config="true" signature="setUp()[pri:0, instance:GreenCart_Tests.CheckoutPageTest@38be305c]" started-at="2023-09-13T17:45:57 IST" name="setUp" finished-at="2023-09-13T17:45:57 IST" duration-ms="36" status="PASS">
          <reporter-output>
          </reporter-output>
        </test-method> <!-- setUp -->
        <test-method signature="VerifyMultiLIneOrder()[pri:3, instance:GreenCart_Tests.CheckoutPageTest@38be305c]" started-at="2023-09-13T17:45:57 IST" name="VerifyMultiLIneOrder" finished-at="2023-09-13T17:45:58 IST" duration-ms="1402" status="PASS">
          <reporter-output>
          </reporter-output>
        </test-method> <!-- VerifyMultiLIneOrder -->
        <test-method is-config="true" signature="setUp()[pri:0, instance:GreenCart_Tests.CheckoutPageTest@38be305c]" started-at="2023-09-13T17:45:58 IST" name="setUp" finished-at="2023-09-13T17:45:58 IST" duration-ms="28" status="PASS">
          <reporter-output>
          </reporter-output>
        </test-method> <!-- setUp -->
        <test-method signature="VerifyMultiLineMultiQtyOrder()[pri:4, instance:GreenCart_Tests.CheckoutPageTest@38be305c]" started-at="2023-09-13T17:45:58 IST" name="VerifyMultiLineMultiQtyOrder" finished-at="2023-09-13T17:46:01 IST" duration-ms="2529" status="PASS">
          <reporter-output>
          </reporter-output>
        </test-method> <!-- VerifyMultiLineMultiQtyOrder -->
        <test-method is-config="true" signature="setUp()[pri:0, instance:GreenCart_Tests.CheckoutPageTest@38be305c]" started-at="2023-09-13T17:46:01 IST" name="setUp" finished-at="2023-09-13T17:46:01 IST" duration-ms="56" status="PASS">
          <reporter-output>
          </reporter-output>
        </test-method> <!-- setUp -->
        <test-method signature="VerifyUserCanNavigateToTermsAndConditionsPage()[pri:5, instance:GreenCart_Tests.CheckoutPageTest@38be305c]" started-at="2023-09-13T17:46:01 IST" name="VerifyUserCanNavigateToTermsAndConditionsPage" finished-at="2023-09-13T17:46:03 IST" duration-ms="2231" status="PASS">
          <reporter-output>
          </reporter-output>
        </test-method> <!-- VerifyUserCanNavigateToTermsAndConditionsPage -->
        <test-method is-config="true" signature="email()[pri:0, instance:GreenCart_Tests.CheckoutPageTest@38be305c]" started-at="2023-09-13T17:46:04 IST" name="email" finished-at="2023-09-13T17:46:04 IST" duration-ms="166" status="PASS">
          <reporter-output>
          </reporter-output>
        </test-method> <!-- email -->
      </class> <!-- GreenCart_Tests.CheckoutPageTest -->
    </test> <!-- Default test -->
  </suite> <!-- Default suite -->
</testng-results>
